{"logTime": "1119/233242", "correlationVector":"Iui6zDwawAztnk/nHSShTd.1","action":"SyncServerConnectionManagerRequest", "result":"SYNC_SERVER_OK", "context":{"environment":"Prod_WestUS_000v", "migrationStage":"NotStarted", "server":"GENERAL0100000U"}}
{"logTime": "1119/233242", "correlationVector":"7XZWCeUSRikgEJB3s3jxl4","action":"SyncServerConnectionManagerRequest", "result":"SYNC_SERVER_OK", "context":{"environment":"", "migrationStage":"", "server":""}}
{"logTime": "1119/233242", "correlationVector":"Iui6zDwawAztnk/nHSShTd","action":"Initial GetUpdates", "result":"", "context":Reason: NEW_CLIENT. cV=Iui6zDwawAztnk/nHSShTd}
{"logTime": "1119/233242", "correlationVector":"Iui6zDwawAztnk/nHSShTd.2","action":"GetUpdates Response", "result":"Success", "context":Received 1 update(s). cV=Iui6zDwawAztnk/nHSShTd.0;server=GENERAL0100000U;cloudType=Consumer;environment=Prod_WestUS_000v;migrationStage=NotStarted}
{"logTime": "1119/233242", "correlationVector":"Wg1H+35HhQ794n6DkJUdCU","action":"Initial GetUpdates", "result":"", "context":Reason: NEWLY_SUPPORTED_DATATYPE. cV=Wg1H+35HhQ794n6DkJUdCU}
{"logTime": "1119/233244", "correlationVector":"Wg1H+35HhQ794n6DkJUdCU.1","action":"SyncServerConnectionManagerRequest", "result":"SYNC_SERVER_OK", "context":{"environment":"Prod_WestUS_000v", "migrationStage":"NotStarted", "server":"GENERAL01000000"}}
{"logTime": "1119/233244", "correlationVector":"Wg1H+35HhQ794n6DkJUdCU.2","action":"GetUpdates", "result":"DeleteReceived", "context":{"id":"149b3dbb-aeb9-49b1-a620-493b7bf11a1d", "isDeleted:":"true", "version":"1714525069448"}}
{"logTime": "1119/233244", "correlationVector":"Wg1H+35HhQ794n6DkJUdCU.3","action":"GetUpdates Response", "result":"Success", "context":Received 250 update(s). cV=Wg1H+35HhQ794n6DkJUdCU.0;server=GENERAL01000000;cloudType=Consumer;environment=Prod_WestUS_000v;migrationStage=NotStarted Some updates remain.}
{"logTime": "1119/233244", "correlationVector":"aZduRzQc4IW7oPt9OMWBld","action":"Initial GetUpdates", "result":"", "context":Reason: NEWLY_SUPPORTED_DATATYPE. cV=aZduRzQc4IW7oPt9OMWBld}
{"logTime": "1119/233244", "correlationVector":"aZduRzQc4IW7oPt9OMWBld.1","action":"SyncServerConnectionManagerRequest", "result":"SYNC_SERVER_OK", "context":{"environment":"Prod_WestUS_000v", "migrationStage":"NotStarted", "server":"GENERAL02000025"}}
{"logTime": "1119/233244", "correlationVector":"aZduRzQc4IW7oPt9OMWBld.2","action":"GetUpdates Response", "result":"Success", "context":Received 38 update(s). cV=aZduRzQc4IW7oPt9OMWBld.0;server=GENERAL02000025;cloudType=Consumer;environment=Prod_WestUS_000v;migrationStage=NotStarted}
{"logTime": "1119/233244", "correlationVector":"YzGaY7DI3KrkGPPGdfjf5x","action":"Initial GetUpdates", "result":"", "context":Reason: NEWLY_SUPPORTED_DATATYPE. cV=YzGaY7DI3KrkGPPGdfjf5x}
{"logTime": "1119/233244", "correlationVector":"YzGaY7DI3KrkGPPGdfjf5x.1","action":"SyncServerConnectionManagerRequest", "result":"SYNC_SERVER_OK", "context":{"environment":"Prod_WestUS_000v", "migrationStage":"NotStarted", "server":"GENERAL11000001"}}
{"logTime": "1119/233244", "correlationVector":"YzGaY7DI3KrkGPPGdfjf5x.2","action":"GetUpdates Response", "result":"Success", "context":Received 141 update(s). cV=YzGaY7DI3KrkGPPGdfjf5x.0;server=GENERAL11000001;cloudType=Consumer;environment=Prod_WestUS_000v;migrationStage=NotStarted}
{"logTime": "1119/233244", "correlationVector":"5MpdbKbKOSlXV25y9n/hOf","action":"Initial GetUpdates", "result":"", "context":Reason: NEWLY_SUPPORTED_DATATYPE. cV=5MpdbKbKOSlXV25y9n/hOf}
{"logTime": "1119/233245", "correlationVector":"5MpdbKbKOSlXV25y9n/hOf.1","action":"SyncServerConnectionManagerRequest", "result":"SYNC_SERVER_OK", "context":{"environment":"Prod_WestUS_000v", "migrationStage":"NotStarted", "server":"GENERAL11000000"}}
{"logTime": "1119/233245", "correlationVector":"5MpdbKbKOSlXV25y9n/hOf.2","action":"GetUpdates", "result":"DeleteReceived", "context":{"id":"2b666673-493d-482c-9f43-a51df38ce17a", "isDeleted:":"true", "version":"1724621634788"}}
{"logTime": "1119/233245", "correlationVector":"5MpdbKbKOSlXV25y9n/hOf.3","action":"GetUpdates", "result":"DeleteReceived", "context":{"id":"9f33b4f5-5a0a-4594-ad60-f0ab28c1fc8b", "isDeleted:":"true", "version":"1724621634789"}}
{"logTime": "1119/233245", "correlationVector":"5MpdbKbKOSlXV25y9n/hOf.4","action":"GetUpdates", "result":"DeleteReceived", "context":{"id":"324b3114-0603-4456-9c8f-07bfadc2f418", "isDeleted:":"true", "version":"1724621640153"}}
{"logTime": "1119/233245", "correlationVector":"5MpdbKbKOSlXV25y9n/hOf.5","action":"GetUpdates", "result":"DeleteReceived", "context":{"id":"dc21e208-493c-45f0-a908-52b84d87da9e", "isDeleted:":"true", "version":"1724702552127"}}
{"logTime": "1119/233245", "correlationVector":"5MpdbKbKOSlXV25y9n/hOf.6","action":"GetUpdates", "result":"DeleteReceived", "context":{"id":"c20c048b-c2c9-48d8-96a4-285e16685c22", "isDeleted:":"true", "version":"1724889768866"}}
{"logTime": "1119/233245", "correlationVector":"5MpdbKbKOSlXV25y9n/hOf.7","action":"GetUpdates", "result":"DeleteReceived", "context":{"id":"6a700a45-af54-460b-ab5c-eb263455c06f", "isDeleted:":"true", "version":"1724957521796"}}
{"logTime": "1119/233245", "correlationVector":"5MpdbKbKOSlXV25y9n/hOf.8","action":"GetUpdates", "result":"DeleteReceived", "context":{"id":"9498961d-fb84-4489-b8fe-4862c89fe1cc", "isDeleted:":"true", "version":"1725036914608"}}
{"logTime": "1119/233245", "correlationVector":"5MpdbKbKOSlXV25y9n/hOf.9","action":"GetUpdates", "result":"DeleteReceived", "context":{"id":"efe49475-c7b4-4983-b167-f0da386c8eb2", "isDeleted:":"true", "version":"1725499071806"}}
{"logTime": "1119/233245", "correlationVector":"5MpdbKbKOSlXV25y9n/hOf.10","action":"GetUpdates", "result":"DeleteReceived", "context":{"id":"e7eb77d6-741f-4bdc-a3fd-615fc8f6d6b0", "isDeleted:":"true", "version":"1725655757331"}}
{"logTime": "1119/233245", "correlationVector":"5MpdbKbKOSlXV25y9n/hOf.11","action":"GetUpdates", "result":"DeleteReceived", "context":{"id":"21441d28-e015-4de9-9c7e-e8c1b29e1489", "isDeleted:":"true", "version":"1725926887847"}}
{"logTime": "1119/233245", "correlationVector":"5MpdbKbKOSlXV25y9n/hOf.12","action":"GetUpdates", "result":"DeleteReceived", "context":{"id":"d374818d-1acb-468b-9644-53dbfff1fc4d", "isDeleted:":"true", "version":"1725941238096"}}
{"logTime": "1119/233245", "correlationVector":"5MpdbKbKOSlXV25y9n/hOf.13","action":"GetUpdates", "result":"DeleteReceived", "context":{"id":"3673fd2e-af10-4f58-8066-bf388cf42b34", "isDeleted:":"true", "version":"1726086492404"}}
{"logTime": "1119/233245", "correlationVector":"5MpdbKbKOSlXV25y9n/hOf.14","action":"GetUpdates", "result":"DeleteReceived", "context":{"id":"7ef10f0e-9a31-48d2-94c8-7a711c03244f", "isDeleted:":"true", "version":"1726162946421"}}
{"logTime": "1119/233245", "correlationVector":"5MpdbKbKOSlXV25y9n/hOf.15","action":"GetUpdates", "result":"DeleteReceived", "context":{"id":"7a712871-761a-4550-8086-0affa7893023", "isDeleted:":"true", "version":"1726594445281"}}
{"logTime": "1119/233245", "correlationVector":"5MpdbKbKOSlXV25y9n/hOf.16","action":"GetUpdates", "result":"DeleteReceived", "context":{"id":"919d14c2-c73f-410c-be24-044b6da73101", "isDeleted:":"true", "version":"1727121995717"}}
{"logTime": "1119/233245", "correlationVector":"5MpdbKbKOSlXV25y9n/hOf.17","action":"GetUpdates", "result":"DeleteReceived", "context":{"id":"39349c7f-072b-4996-949c-70b5cd2e16f7", "isDeleted:":"true", "version":"1727569630695"}}
{"logTime": "1119/233245", "correlationVector":"5MpdbKbKOSlXV25y9n/hOf.18","action":"GetUpdates", "result":"DeleteReceived", "context":{"id":"56fb6eb5-fb61-40f4-8547-8373cead623d", "isDeleted:":"true", "version":"1727569638551"}}
{"logTime": "1119/233245", "correlationVector":"5MpdbKbKOSlXV25y9n/hOf.19","action":"GetUpdates", "result":"DeleteReceived", "context":{"id":"26cb83df-a1bb-49a0-858e-f2af30525871", "isDeleted:":"true", "version":"1727569638552"}}
{"logTime": "1119/233245", "correlationVector":"5MpdbKbKOSlXV25y9n/hOf.20","action":"GetUpdates", "result":"DeleteReceived", "context":{"id":"88a37e0b-666d-4dd5-824c-3def66fbf6d1", "isDeleted:":"true", "version":"1727572366003"}}
{"logTime": "1119/233245", "correlationVector":"5MpdbKbKOSlXV25y9n/hOf.21","action":"GetUpdates", "result":"DeleteReceived", "context":{"id":"ec7c5094-eb40-4407-a216-665f592a75e9", "isDeleted:":"true", "version":"1727760104882"}}
{"logTime": "1119/233245", "correlationVector":"5MpdbKbKOSlXV25y9n/hOf.22","action":"GetUpdates", "result":"DeleteReceived", "context":{"id":"14a2c663-3ec9-4e2d-a671-facb506f022d", "isDeleted:":"true", "version":"1727760631006"}}
{"logTime": "1119/233245", "correlationVector":"5MpdbKbKOSlXV25y9n/hOf.23","action":"GetUpdates", "result":"DeleteReceived", "context":{"id":"2e6fa2af-fc61-4fa5-b582-abb21c3e6175", "isDeleted:":"true", "version":"1727892277568"}}
{"logTime": "1119/233245", "correlationVector":"5MpdbKbKOSlXV25y9n/hOf.24","action":"GetUpdates", "result":"DeleteReceived", "context":{"id":"cff93858-0bc6-45ff-8209-6c033db508ae", "isDeleted:":"true", "version":"1728318591321"}}
{"logTime": "1119/233245", "correlationVector":"5MpdbKbKOSlXV25y9n/hOf.25","action":"GetUpdates", "result":"DeleteReceived", "context":{"id":"86926246-dd93-4f59-ba6b-3cfef8ecbd95", "isDeleted:":"true", "version":"1728497140325"}}
{"logTime": "1119/233245", "correlationVector":"5MpdbKbKOSlXV25y9n/hOf.26","action":"GetUpdates", "result":"DeleteReceived", "context":{"id":"bf70cbc8-aaff-43f1-bb4f-1aa3b290967a", "isDeleted:":"true", "version":"1728500853477"}}
{"logTime": "1119/233245", "correlationVector":"5MpdbKbKOSlXV25y9n/hOf.27","action":"GetUpdates", "result":"DeleteReceived", "context":{"id":"85cce2c3-a5c5-41d1-8154-4544800735d8", "isDeleted:":"true", "version":"1728706159613"}}
{"logTime": "1119/233245", "correlationVector":"5MpdbKbKOSlXV25y9n/hOf.28","action":"GetUpdates", "result":"DeleteReceived", "context":{"id":"b4bb1083-3e0b-47e7-99f6-8fa71dad2619", "isDeleted:":"true", "version":"1729016183652"}}
{"logTime": "1119/233245", "correlationVector":"5MpdbKbKOSlXV25y9n/hOf.29","action":"GetUpdates", "result":"DeleteReceived", "context":{"id":"8184aab4-c4d2-4814-89ba-8779775a2247", "isDeleted:":"true", "version":"1729027548813"}}
{"logTime": "1119/233245", "correlationVector":"5MpdbKbKOSlXV25y9n/hOf.30","action":"GetUpdates", "result":"DeleteReceived", "context":{"id":"fc8a0f86-80f9-4ad9-b1f0-da8deb56ab44", "isDeleted:":"true", "version":"1729194568771"}}
{"logTime": "1119/233245", "correlationVector":"5MpdbKbKOSlXV25y9n/hOf.31","action":"GetUpdates", "result":"DeleteReceived", "context":{"id":"c4c6953e-570a-499c-87a2-7827cbad1e9c", "isDeleted:":"true", "version":"1729288793963"}}
{"logTime": "1119/233245", "correlationVector":"5MpdbKbKOSlXV25y9n/hOf.32","action":"GetUpdates", "result":"DeleteReceived", "context":{"id":"48a9faec-4e64-4f1d-bfc0-be67014aeafe", "isDeleted:":"true", "version":"1729288793964"}}
{"logTime": "1119/233245", "correlationVector":"5MpdbKbKOSlXV25y9n/hOf.33","action":"GetUpdates", "result":"DeleteReceived", "context":{"id":"4139be91-37bd-4a9f-95f9-9300450d385f", "isDeleted:":"true", "version":"1729541341437"}}
{"logTime": "1119/233245", "correlationVector":"5MpdbKbKOSlXV25y9n/hOf.34","action":"GetUpdates", "result":"DeleteReceived", "context":{"id":"b794fc1b-af93-4db5-971e-d6db6382bfe1", "isDeleted:":"true", "version":"1729541341439"}}
{"logTime": "1119/233245", "correlationVector":"5MpdbKbKOSlXV25y9n/hOf.35","action":"GetUpdates", "result":"DeleteReceived", "context":{"id":"2c82a38a-1d2d-46cc-9ac2-a5d75593b4e6", "isDeleted:":"true", "version":"1729713940923"}}
{"logTime": "1119/233245", "correlationVector":"5MpdbKbKOSlXV25y9n/hOf.36","action":"GetUpdates", "result":"DeleteReceived", "context":{"id":"2a59c937-cda9-48ff-a80d-d9a8a5a11c00", "isDeleted:":"true", "version":"1730310902217"}}
{"logTime": "1119/233245", "correlationVector":"5MpdbKbKOSlXV25y9n/hOf.37","action":"GetUpdates", "result":"DeleteReceived", "context":{"id":"7391ee1e-bbe5-4df5-baba-2ab249092f19", "isDeleted:":"true", "version":"1730323782488"}}
{"logTime": "1119/233245", "correlationVector":"5MpdbKbKOSlXV25y9n/hOf.38","action":"GetUpdates", "result":"DeleteReceived", "context":{"id":"cff34ce9-7cde-4026-be35-61a6be73e2ba", "isDeleted:":"true", "version":"1731393507670"}}
{"logTime": "1119/233245", "correlationVector":"5MpdbKbKOSlXV25y9n/hOf.39","action":"GetUpdates", "result":"DeleteReceived", "context":{"id":"4fbbcdaf-364b-47ab-818f-f99755f4c0f5", "isDeleted:":"true", "version":"1731801362916"}}
{"logTime": "1119/233245", "correlationVector":"5MpdbKbKOSlXV25y9n/hOf.40","action":"GetUpdates Response", "result":"Success", "context":Received 250 update(s). cV=5MpdbKbKOSlXV25y9n/hOf.0;server=GENERAL11000000;cloudType=Consumer;environment=Prod_WestUS_000v;migrationStage=NotStarted Some updates remain.}
{"logTime": "1119/233245", "correlationVector":"pyyPah+3B1YIKJqZb1G7XE","action":"Initial GetUpdates", "result":"", "context":Reason: NEWLY_SUPPORTED_DATATYPE. cV=pyyPah+3B1YIKJqZb1G7XE}
{"logTime": "1119/233245", "correlationVector":"pyyPah+3B1YIKJqZb1G7XE.1","action":"SyncServerConnectionManagerRequest", "result":"SYNC_SERVER_OK", "context":{"environment":"Prod_WestUS_000v", "migrationStage":"NotStarted", "server":"GENERAL12000001"}}
{"logTime": "1119/233245", "correlationVector":"pyyPah+3B1YIKJqZb1G7XE.2","action":"GetUpdates", "result":"DeleteReceived", "context":{"id":"ca6402bb-36d5-4559-9dd0-c3251174dd8a", "isDeleted:":"true", "version":"1731801368540"}}
{"logTime": "1119/233245", "correlationVector":"pyyPah+3B1YIKJqZb1G7XE.3","action":"GetUpdates Response", "result":"Success", "context":Received 4 update(s). cV=pyyPah+3B1YIKJqZb1G7XE.0;server=GENERAL12000001;cloudType=Consumer;environment=Prod_WestUS_000v;migrationStage=NotStarted}
{"logTime": "1119/233245", "correlationVector":"+BomSnr2XvAgKX2BPV8cuW","action":"Normal GetUpdate request", "result":"", "context":cV=+BomSnr2XvAgKX2BPV8cuW
Nudged types: Bookmarks, Sessions, Device Info, User Consents
Refresh requested types: Bookmarks, Preferences, Passwords, Autofill Profiles, Autofill, Typed URLs, Extensions, Sessions, Extension settings, History Delete Directives, Device Info, User Consents, Send Tab To Self, Web Apps, Collection, Edge E Drop, Edge Hub App Usage, Edge Tab Group, Edge Wallet, Encryption Keys}
{"logTime": "1119/233245", "correlationVector":"+BomSnr2XvAgKX2BPV8cuW.1","action":"SyncServerConnectionManagerRequest", "result":"SYNC_SERVER_OK", "context":{"environment":"Prod_WestUS_000v", "migrationStage":"NotStarted", "server":"GENERAL11000003"}}
{"logTime": "1119/233245", "correlationVector":"+BomSnr2XvAgKX2BPV8cuW.2","action":"GetUpdates Response", "result":"Success", "context":Received 0 update(s). cV=+BomSnr2XvAgKX2BPV8cuW.0;server=GENERAL11000003;cloudType=Consumer;environment=Prod_WestUS_000v;migrationStage=NotStarted}
{"logTime": "1119/233245", "correlationVector":"AJHqfst3sL1AXD2gICCfOQ","action":"Commit Request", "result":"", "context":Item count: 40
Contributing types: Bookmarks, Device Info}
{"logTime": "1119/233247", "correlationVector":"AJHqfst3sL1AXD2gICCfOQ.1","action":"SyncServerConnectionManagerRequest", "result":"SYNC_SERVER_OK", "context":{"environment":"Prod_WestUS_000v", "migrationStage":"NotStarted", "server":"GENERAL1100000E"}}
{"logTime": "1119/233247", "correlationVector":"AJHqfst3sL1AXD2gICCfOQ.2","action":"Commit Response", "result":"Success", "context":Result: Success. cV=AJHqfst3sL1AXD2gICCfOQ.0;server=GENERAL1100000E;cloudType=Consumer;environment=Prod_WestUS_000v;migrationStage=NotStarted}
{"logTime": "1119/233247", "correlationVector":"NIb5rFH8OWie9WDPUgXUrk","action":"Commit Request", "result":"", "context":Item count: 40
Contributing types: Bookmarks}
{"logTime": "1119/233249", "correlationVector":"NIb5rFH8OWie9WDPUgXUrk.1","action":"SyncServerConnectionManagerRequest", "result":"SYNC_SERVER_OK", "context":{"environment":"Prod_WestUS_000v", "migrationStage":"NotStarted", "server":"GENERAL0100000V"}}
{"logTime": "1119/233249", "correlationVector":"NIb5rFH8OWie9WDPUgXUrk.2","action":"Commit Response", "result":"Success", "context":Result: Success. cV=NIb5rFH8OWie9WDPUgXUrk.0;server=GENERAL0100000V;cloudType=Consumer;environment=Prod_WestUS_000v;migrationStage=NotStarted}
{"logTime": "1119/233249", "correlationVector":"BVPNiMUk5VUYhw/92sJWtW","action":"Commit Request", "result":"", "context":Item count: 13
Contributing types: Bookmarks, Sessions, User Consents}
{"logTime": "1119/233249", "correlationVector":"BVPNiMUk5VUYhw/92sJWtW.1","action":"SyncServerConnectionManagerRequest", "result":"SYNC_SERVER_OK", "context":{"environment":"Prod_WestUS_000v", "migrationStage":"NotStarted", "server":"GENERAL02000027"}}
{"logTime": "1119/233249", "correlationVector":"BVPNiMUk5VUYhw/92sJWtW.2","action":"Commit Response", "result":"Success", "context":Result: Success. cV=BVPNiMUk5VUYhw/92sJWtW.0;server=GENERAL02000027;cloudType=Consumer;environment=Prod_WestUS_000v;migrationStage=NotStarted}
{"logTime": "1119/233312", "correlationVector":"1Nd5FntTNV+pTwKejox0gv","action":"Commit Request", "result":"", "context":Item count: 40
Contributing types: Passwords}
{"logTime": "1119/233313", "correlationVector":"1Nd5FntTNV+pTwKejox0gv.1","action":"SyncServerConnectionManagerRequest", "result":"SYNC_SERVER_OK", "context":{"environment":"Prod_WestUS_000v", "migrationStage":"NotStarted", "server":"GENERAL12000001"}}
{"logTime": "1119/233313", "correlationVector":"1Nd5FntTNV+pTwKejox0gv.2","action":"Commit Response", "result":"Success", "context":Result: Success. cV=1Nd5FntTNV+pTwKejox0gv.0;server=GENERAL12000001;cloudType=Consumer;environment=Prod_WestUS_000v;migrationStage=NotStarted}
{"logTime": "1119/233313", "correlationVector":"jgSO7aCy9uNrEvZ99dsjju","action":"Commit Request", "result":"", "context":Item count: 40
Contributing types: Passwords}
{"logTime": "1119/233315", "correlationVector":"jgSO7aCy9uNrEvZ99dsjju.1","action":"SyncServerConnectionManagerRequest", "result":"SYNC_SERVER_OK", "context":{"environment":"Prod_WestUS_000v", "migrationStage":"NotStarted", "server":"GENERAL1100000C"}}
{"logTime": "1119/233315", "correlationVector":"jgSO7aCy9uNrEvZ99dsjju.2","action":"Commit Response", "result":"Success", "context":Result: Success. cV=jgSO7aCy9uNrEvZ99dsjju.0;server=GENERAL1100000C;cloudType=Consumer;environment=Prod_WestUS_000v;migrationStage=NotStarted}
{"logTime": "1119/233315", "correlationVector":"4VBnFzYH//WlJwM80/98o4","action":"Commit Request", "result":"", "context":Item count: 39
Contributing types: Preferences, Passwords}
{"logTime": "1119/233317", "correlationVector":"4VBnFzYH//WlJwM80/98o4.1","action":"SyncServerConnectionManagerRequest", "result":"SYNC_SERVER_OK", "context":{"environment":"Prod_WestUS_000v", "migrationStage":"NotStarted", "server":"GENERAL11000002"}}
{"logTime": "1119/233317", "correlationVector":"4VBnFzYH//WlJwM80/98o4.2","action":"Commit Response", "result":"Success", "context":Result: Success. cV=4VBnFzYH//WlJwM80/98o4.0;server=GENERAL11000002;cloudType=Consumer;environment=Prod_WestUS_000v;migrationStage=NotStarted}
{"logTime": "1119/233741", "correlationVector":"ZiZGx1AD3F5GkVgu1z2Zxu","action":"Normal GetUpdate request", "result":"", "context":cV=ZiZGx1AD3F5GkVgu1z2Zxu
Refresh requested types: Bookmarks, Preferences, Passwords, Autofill Profiles, Autofill, Typed URLs, Extensions, Sessions, Extension settings, History Delete Directives, Device Info, User Consents, Send Tab To Self, Web Apps, Collection, Edge E Drop, Edge Hub App Usage, Edge Tab Group, Edge Wallet, Encryption Keys}
{"logTime": "1119/233742", "correlationVector":"ZiZGx1AD3F5GkVgu1z2Zxu.1","action":"SyncServerConnectionManagerRequest", "result":"SYNC_SERVER_OK", "context":{"environment":"Prod_WestUS_000v", "migrationStage":"NotStarted", "server":"GENERAL0100000B"}}
{"logTime": "1119/233742", "correlationVector":"ZiZGx1AD3F5GkVgu1z2Zxu.2","action":"GetUpdates Response", "result":"Success", "context":Received 210 update(s). cV=ZiZGx1AD3F5GkVgu1z2Zxu.0;server=GENERAL0100000B;cloudType=Consumer;environment=Prod_WestUS_000v;migrationStage=NotStarted}
{"logTime": "1119/233742", "correlationVector":"C3EUOHS1VQ2WVbbyNXpHxQ","action":"DoCompareDataConsistency requsted types: ", "result":"Bookmarks, Preferences, Passwords, Typed URLs, Extensions, Extension settings, History Delete Directives, Send Tab To Self, Web Apps, Collection, Edge E Drop, Edge Tab Group, Edge Wallet, Encryption Keys"}
{"logTime": "1119/233742", "correlationVector":"C3EUOHS1VQ2WVbbyNXpHxQ.0","action":"CompareDataConsistency result: ", "result":"Compare result: Encryption Keys is consistent. local entities count is: 1 local entities hash is: QE4kXhYiD8sJsgNgTxYHqmczPE0="}
{"logTime": "1119/233742", "correlationVector":"C3EUOHS1VQ2WVbbyNXpHxQ.1","action":"CompareDataConsistency result: ", "result":"Compare result: Bookmarks is consistent. local entities count is: 139 local entities hash is: rs2/rrduRlfQosRtrK/PuPYndPA="}
{"logTime": "1119/233742", "correlationVector":"C3EUOHS1VQ2WVbbyNXpHxQ.2","action":"CompareDataConsistency result: ", "result":"Compare result: Preferences is consistent. local entities count is: 81 local entities hash is: vJ/Rh/CPjgwc1kvQSh0JlXmCNTI="}
{"logTime": "1119/233742", "correlationVector":"C3EUOHS1VQ2WVbbyNXpHxQ.3","action":"CompareDataConsistency result: ", "result":"Server did not send this Typed URLs local entities count is: 3 local entities hash is: 8/Qeeiix6eFnAqJaex1hJ+78aDI="}
{"logTime": "1119/233742", "correlationVector":"C3EUOHS1VQ2WVbbyNXpHxQ.4","action":"CompareDataConsistency result: ", "result":"Compare result: Extensions is consistent. local entities count is: 15 local entities hash is: S/zuQ9xWC7nYXoG7gOh46L9FKY4="}
{"logTime": "1119/233742", "correlationVector":"C3EUOHS1VQ2WVbbyNXpHxQ.5","action":"CompareDataConsistency result: ", "result":"Compare result: Extension settings is consistent. local entities count is: 45 local entities hash is: aHkqTZQEJkqFcuEbMUfsHxk3gdo="}
{"logTime": "1119/233742", "correlationVector":"C3EUOHS1VQ2WVbbyNXpHxQ.6","action":"CompareDataConsistency result: ", "result":"Compare result: History Delete Directives is consistent. local entities count is: 0 local entities hash is: "}
{"logTime": "1119/233742", "correlationVector":"C3EUOHS1VQ2WVbbyNXpHxQ.7","action":"CompareDataConsistency result: ", "result":"Server did not send this Send Tab To Self local entities count is: 0 local entities hash is: "}
{"logTime": "1119/233742", "correlationVector":"C3EUOHS1VQ2WVbbyNXpHxQ.8","action":"CompareDataConsistency result: ", "result":"Compare result: Web Apps is consistent. local entities count is: 0 local entities hash is: "}
{"logTime": "1119/233742", "correlationVector":"C3EUOHS1VQ2WVbbyNXpHxQ.9","action":"CompareDataConsistency result: ", "result":"Compare result: Collection is consistent. local entities count is: 0 local entities hash is: "}
{"logTime": "1119/233742", "correlationVector":"C3EUOHS1VQ2WVbbyNXpHxQ.10","action":"CompareDataConsistency result: ", "result":"Compare result: Edge E Drop is consistent. local entities count is: 0 local entities hash is: "}
{"logTime": "1119/233742", "correlationVector":"C3EUOHS1VQ2WVbbyNXpHxQ.11","action":"CompareDataConsistency result: ", "result":"Compare result: Edge Tab Group is consistent. local entities count is: 0 local entities hash is: "}
{"logTime": "1119/233742", "correlationVector":"C3EUOHS1VQ2WVbbyNXpHxQ.12","action":"CompareDataConsistency result: ", "result":"Compare result: Edge Wallet is consistent. local entities count is: 0 local entities hash is: "}
{"logTime": "1119/233742", "correlationVector":"C3EUOHS1VQ2WVbbyNXpHxQ.13","action":"CompareDataConsistency result: ", "result":"Compare result: Passwords is consistent. local entities count is: 199 local entities hash is: rPI9J4kLTWXU3Bz2lQbxP7guyoY="}
{"logTime": "1119/233742", "correlationVector":"","action":"DIAGNOSTIC_REQUEST|v1/diagnosticData/Diagnostic.SendCheckResult()|SUCCESS", "result":""}
{"logTime": "1119/234118", "correlationVector":"vgjosz/g0LvguIpXY5hqkV","action":"Commit Request", "result":"", "context":Item count: 1
Contributing types: Sessions}
{"logTime": "1119/234118", "correlationVector":"vgjosz/g0LvguIpXY5hqkV.1","action":"SyncServerConnectionManagerRequest", "result":"SYNC_SERVER_OK", "context":{"environment":"Prod_WestUS_000v", "migrationStage":"NotStarted", "server":"GENERAL11000006"}}
{"logTime": "1119/234118", "correlationVector":"vgjosz/g0LvguIpXY5hqkV.2","action":"Commit Response", "result":"Success", "context":Result: Success. cV=vgjosz/g0LvguIpXY5hqkV.0;server=GENERAL11000006;cloudType=Consumer;environment=Prod_WestUS_000v;migrationStage=NotStarted}
{"logTime": "1119/234645", "correlationVector":"hhDxK976u4q3tkY5I9aivq","action":"Commit Request", "result":"", "context":Item count: 1
Contributing types: Sessions}
{"logTime": "1119/234645", "correlationVector":"hhDxK976u4q3tkY5I9aivq.1","action":"SyncServerConnectionManagerRequest", "result":"SYNC_SERVER_OK", "context":{"environment":"Prod_WestUS_000v", "migrationStage":"NotStarted", "server":"GENERAL0200000C"}}
{"logTime": "1119/234645", "correlationVector":"hhDxK976u4q3tkY5I9aivq.2","action":"Commit Response", "result":"Success", "context":Result: Success. cV=hhDxK976u4q3tkY5I9aivq.0;server=GENERAL0200000C;cloudType=Consumer;environment=Prod_WestUS_000v;migrationStage=NotStarted}
{"logTime": "1119/234730", "correlationVector":"373XSai0ZM570iHmEZZr7D","action":"Commit Request", "result":"", "context":Item count: 1
Contributing types: Sessions}
{"logTime": "1119/234730", "correlationVector":"373XSai0ZM570iHmEZZr7D.1","action":"SyncServerConnectionManagerRequest", "result":"SYNC_SERVER_OK", "context":{"environment":"Prod_WestUS_000v", "migrationStage":"NotStarted", "server":"GENERAL0200002G"}}
{"logTime": "1119/234730", "correlationVector":"373XSai0ZM570iHmEZZr7D.2","action":"Commit Response", "result":"Success", "context":Result: Success. cV=373XSai0ZM570iHmEZZr7D.0;server=GENERAL0200002G;cloudType=Consumer;environment=Prod_WestUS_000v;migrationStage=NotStarted}
{"logTime": "1119/234956", "correlationVector":"WvoDFWR2CzmpU8KHmOIA+m","action":"Commit Request", "result":"", "context":Item count: 1
Contributing types: Sessions}
{"logTime": "1119/234956", "correlationVector":"WvoDFWR2CzmpU8KHmOIA+m.1","action":"SyncServerConnectionManagerRequest", "result":"SYNC_SERVER_OK", "context":{"environment":"Prod_WestUS_000v", "migrationStage":"NotStarted", "server":"GENERAL11000007"}}
{"logTime": "1119/234956", "correlationVector":"WvoDFWR2CzmpU8KHmOIA+m.2","action":"Commit Response", "result":"Success", "context":Result: Success. cV=WvoDFWR2CzmpU8KHmOIA+m.0;server=GENERAL11000007;cloudType=Consumer;environment=Prod_WestUS_000v;migrationStage=NotStarted}
{"logTime": "1119/235608", "correlationVector":"mExf0y+7ey1I+O2yUWMlqu","action":"Commit Request", "result":"", "context":Item count: 1
Contributing types: Sessions}
{"logTime": "1119/235608", "correlationVector":"mExf0y+7ey1I+O2yUWMlqu.1","action":"SyncServerConnectionManagerRequest", "result":"SYNC_SERVER_OK", "context":{"environment":"Prod_WestUS_000v", "migrationStage":"NotStarted", "server":"GENERAL0200001X"}}
{"logTime": "1119/235608", "correlationVector":"mExf0y+7ey1I+O2yUWMlqu.2","action":"Commit Response", "result":"Success", "context":Result: Success. cV=mExf0y+7ey1I+O2yUWMlqu.0;server=GENERAL0200001X;cloudType=Consumer;environment=Prod_WestUS_000v;migrationStage=NotStarted}
{"logTime": "1120/000004", "correlationVector":"sjEuDRb4fh0Gfb2WOUTtCz","action":"Commit Request", "result":"", "context":Item count: 1
Contributing types: Sessions}
{"logTime": "1120/000004", "correlationVector":"sjEuDRb4fh0Gfb2WOUTtCz.1","action":"SyncServerConnectionManagerRequest", "result":"SYNC_SERVER_OK", "context":{"environment":"Prod_WestUS_000v", "migrationStage":"NotStarted", "server":"GENERAL0100000U"}}
{"logTime": "1120/000004", "correlationVector":"sjEuDRb4fh0Gfb2WOUTtCz.2","action":"Commit Response", "result":"Success", "context":Result: Success. cV=sjEuDRb4fh0Gfb2WOUTtCz.0;server=GENERAL0100000U;cloudType=Consumer;environment=Prod_WestUS_000v;migrationStage=NotStarted}
{"logTime": "1120/000603", "correlationVector":"5wZ925kePNX4N5aZsvnrpt.1","action":"SyncServerConnectionManagerRequest", "result":"SYNC_SERVER_OK", "context":{"environment":"Prod_WestUS_000v", "migrationStage":"NotStarted", "server":"GENERAL0100000L"}}
{"logTime": "1120/000604", "correlationVector":"bVeMU1Vpn7clgaWUuCRKgI","action":"SyncServerConnectionManagerRequest", "result":"SYNC_SERVER_OK", "context":{"environment":"", "migrationStage":"", "server":""}}
{"logTime": "1120/000604", "correlationVector":"5wZ925kePNX4N5aZsvnrpt","action":"Initial GetUpdates", "result":"", "context":Reason: NEW_CLIENT. cV=5wZ925kePNX4N5aZsvnrpt}
{"logTime": "1120/000604", "correlationVector":"5wZ925kePNX4N5aZsvnrpt.2","action":"GetUpdates Response", "result":"Success", "context":Received 1 update(s). cV=5wZ925kePNX4N5aZsvnrpt.0;server=GENERAL0100000L;cloudType=Consumer;environment=Prod_WestUS_000v;migrationStage=NotStarted}
{"logTime": "1120/000604", "correlationVector":"3+a4Pp+nty6FjsijJY/smz","action":"Initial GetUpdates", "result":"", "context":Reason: NEWLY_SUPPORTED_DATATYPE. cV=3+a4Pp+nty6FjsijJY/smz}
{"logTime": "1120/000604", "correlationVector":"3+a4Pp+nty6FjsijJY/smz.1","action":"SyncServerConnectionManagerRequest", "result":"SYNC_SERVER_OK", "context":{"environment":"Prod_WestUS_000v", "migrationStage":"NotStarted", "server":"GENERAL02000024"}}
{"logTime": "1120/000604", "correlationVector":"3+a4Pp+nty6FjsijJY/smz.2","action":"GetUpdates", "result":"DeleteReceived", "context":{"id":"149b3dbb-aeb9-49b1-a620-493b7bf11a1d", "isDeleted:":"true", "version":"1714525069448"}}
{"logTime": "1120/000604", "correlationVector":"3+a4Pp+nty6FjsijJY/smz.3","action":"GetUpdates Response", "result":"Success", "context":Received 200 update(s). cV=3+a4Pp+nty6FjsijJY/smz.0;server=GENERAL02000024;cloudType=Consumer;environment=Prod_WestUS_000v;migrationStage=NotStarted}
{"logTime": "1120/000605", "correlationVector":"Kxn26qEiGU/KtfoRfcAEPI","action":"Normal GetUpdate request", "result":"", "context":cV=Kxn26qEiGU/KtfoRfcAEPI
Nudged types: Sessions, Device Info
Refresh requested types: Bookmarks, Preferences, Passwords, Autofill Profiles, Autofill, Typed URLs, Extensions, Sessions, Extension settings, History Delete Directives, Device Info, User Consents, Send Tab To Self, Web Apps, Collection, Edge E Drop, Edge Hub App Usage, Edge Tab Group, Edge Wallet, Encryption Keys}
{"logTime": "1120/000605", "correlationVector":"Kxn26qEiGU/KtfoRfcAEPI.1","action":"SyncServerConnectionManagerRequest", "result":"SYNC_SERVER_OK", "context":{"environment":"Prod_WestUS_000v", "migrationStage":"NotStarted", "server":"GENERAL0100000M"}}
{"logTime": "1120/000605", "correlationVector":"Kxn26qEiGU/KtfoRfcAEPI.2","action":"GetUpdates Response", "result":"Success", "context":Received 1 update(s). cV=Kxn26qEiGU/KtfoRfcAEPI.0;server=GENERAL0100000M;cloudType=Consumer;environment=Prod_WestUS_000v;migrationStage=NotStarted}
{"logTime": "1120/000605", "correlationVector":"/n0+S47zjLyk1iB5yITgo/","action":"Commit Request", "result":"", "context":Item count: 4
Contributing types: Sessions, Device Info}
{"logTime": "1120/000605", "correlationVector":"/n0+S47zjLyk1iB5yITgo/.1","action":"SyncServerConnectionManagerRequest", "result":"SYNC_SERVER_OK", "context":{"environment":"Prod_WestUS_000v", "migrationStage":"NotStarted", "server":"GENERAL0200002G"}}
{"logTime": "1120/000605", "correlationVector":"/n0+S47zjLyk1iB5yITgo/.3","action":"Commit.Sessions", "result":"Success", "context":{"id":"a9c8ff25-4b1c-42f7-9b53-a84631f86278", "isDeleted":"true", "size":"0", "version":"1732060804060"}}
{"logTime": "1120/000605", "correlationVector":"/n0+S47zjLyk1iB5yITgo/.2","action":"Commit Response", "result":"Success", "context":Result: Success. cV=/n0+S47zjLyk1iB5yITgo/.0;server=GENERAL0200002G;cloudType=Consumer;environment=Prod_WestUS_000v;migrationStage=NotStarted}
{"logTime": "1120/000613", "correlationVector":"gl9uLS7dc8khApIQS2qeK9","action":"Commit Request", "result":"", "context":Item count: 3
Contributing types: Preferences, Sessions}
{"logTime": "1120/000614", "correlationVector":"gl9uLS7dc8khApIQS2qeK9.1","action":"SyncServerConnectionManagerRequest", "result":"SYNC_SERVER_OK", "context":{"environment":"Prod_WestUS_000v", "migrationStage":"NotStarted", "server":"GENERAL12000000"}}
{"logTime": "1120/000614", "correlationVector":"gl9uLS7dc8khApIQS2qeK9.2","action":"Commit Response", "result":"Success", "context":Result: Success. cV=gl9uLS7dc8khApIQS2qeK9.0;server=GENERAL12000000;cloudType=Consumer;environment=Prod_WestUS_000v;migrationStage=NotStarted}
{"logTime": "1120/000632", "correlationVector":"o28VCTTvZ4XvYEVqQ4pGuh","action":"Commit Request", "result":"", "context":Item count: 1
Contributing types: Preferences}
{"logTime": "1120/000633", "correlationVector":"o28VCTTvZ4XvYEVqQ4pGuh.1","action":"SyncServerConnectionManagerRequest", "result":"SYNC_SERVER_OK", "context":{"environment":"Prod_WestUS_000v", "migrationStage":"NotStarted", "server":"GENERAL02000024"}}
{"logTime": "1120/000633", "correlationVector":"o28VCTTvZ4XvYEVqQ4pGuh.2","action":"Commit Response", "result":"Success", "context":Result: Success. cV=o28VCTTvZ4XvYEVqQ4pGuh.0;server=GENERAL02000024;cloudType=Consumer;environment=Prod_WestUS_000v;migrationStage=NotStarted}
{"logTime": "1120/000816", "correlationVector":"9kXkggpff0tqQDnkCP61P4","action":"Commit Request", "result":"", "context":Item count: 1
Contributing types: Sessions}
{"logTime": "1120/000816", "correlationVector":"9kXkggpff0tqQDnkCP61P4.1","action":"SyncServerConnectionManagerRequest", "result":"SYNC_SERVER_OK", "context":{"environment":"Prod_WestUS_000v", "migrationStage":"NotStarted", "server":"GENERAL0200000A"}}
{"logTime": "1120/000816", "correlationVector":"9kXkggpff0tqQDnkCP61P4.2","action":"Commit Response", "result":"Success", "context":Result: Success. cV=9kXkggpff0tqQDnkCP61P4.0;server=GENERAL0200000A;cloudType=Consumer;environment=Prod_WestUS_000v;migrationStage=NotStarted}
{"logTime": "1120/001103", "correlationVector":"+/OCrE2aXLAH750SSaG8MU","action":"Normal GetUpdate request", "result":"", "context":cV=+/OCrE2aXLAH750SSaG8MU
Refresh requested types: Bookmarks, Preferences, Passwords, Autofill Profiles, Autofill, Typed URLs, Extensions, Sessions, Extension settings, History Delete Directives, Device Info, User Consents, Send Tab To Self, Web Apps, Collection, Edge E Drop, Edge Hub App Usage, Edge Tab Group, Edge Wallet, Encryption Keys}
{"logTime": "1120/001103", "correlationVector":"+/OCrE2aXLAH750SSaG8MU.1","action":"SyncServerConnectionManagerRequest", "result":"SYNC_SERVER_OK", "context":{"environment":"Prod_WestUS_000v", "migrationStage":"NotStarted", "server":"GENERAL0200003V"}}
{"logTime": "1120/001103", "correlationVector":"+/OCrE2aXLAH750SSaG8MU.2","action":"GetUpdates", "result":"DeleteReceived", "context":{"id":"a9c8ff25-4b1c-42f7-9b53-a84631f86278", "isDeleted:":"true", "version":"1732061165542"}}
{"logTime": "1120/001103", "correlationVector":"+/OCrE2aXLAH750SSaG8MU.3","action":"GetUpdates Response", "result":"Success", "context":Received 7 update(s). cV=+/OCrE2aXLAH750SSaG8MU.0;server=GENERAL0200003V;cloudType=Consumer;environment=Prod_WestUS_000v;migrationStage=NotStarted}
{"logTime": "1120/014940", "correlationVector":"e0HKs8zdbWYHHMGioQeIaV","action":"Normal GetUpdate request", "result":"", "context":cV=e0HKs8zdbWYHHMGioQeIaV
Nudged types: Sessions, Device Info
Refresh requested types: Bookmarks, Preferences, Passwords, Autofill Profiles, Autofill, Typed URLs, Extensions, Sessions, Extension settings, History Delete Directives, Device Info, User Consents, Send Tab To Self, Web Apps, Collection, Edge E Drop, Edge Hub App Usage, Edge Tab Group, Edge Wallet, Encryption Keys}
{"logTime": "1120/014941", "correlationVector":"e0HKs8zdbWYHHMGioQeIaV.1","action":"SyncServerConnectionManagerRequest", "result":"SYNC_SERVER_OK", "context":{"environment":"Prod_WestUS_000v", "migrationStage":"NotStarted", "server":"GENERAL11000002"}}
{"logTime": "1120/014941", "correlationVector":"e0HKs8zdbWYHHMGioQeIaV.2","action":"GetUpdates Response", "result":"Success", "context":Received 0 update(s). cV=e0HKs8zdbWYHHMGioQeIaV.0;server=GENERAL11000002;cloudType=Consumer;environment=Prod_WestUS_000v;migrationStage=NotStarted}
{"logTime": "1120/014941", "correlationVector":"dw6md3Zat33qzH73R4TYqq","action":"Commit Request", "result":"", "context":Item count: 2
Contributing types: Sessions, Device Info}
{"logTime": "1120/014941", "correlationVector":"dw6md3Zat33qzH73R4TYqq.1","action":"SyncServerConnectionManagerRequest", "result":"SYNC_SERVER_OK", "context":{"environment":"Prod_WestUS_000v", "migrationStage":"NotStarted", "server":"GENERAL01000003"}}
{"logTime": "1120/014941", "correlationVector":"dw6md3Zat33qzH73R4TYqq.2","action":"Commit Response", "result":"Success", "context":Result: Success. cV=dw6md3Zat33qzH73R4TYqq.0;server=GENERAL01000003;cloudType=Consumer;environment=Prod_WestUS_000v;migrationStage=NotStarted}
{"logTime": "1120/041126", "correlationVector":"VujHBcey/VOOvsVxJyZWsg.1","action":"SyncServerConnectionManagerRequest", "result":"SYNC_SERVER_OK", "context":{"environment":"Prod_WestUS_000v", "migrationStage":"NotStarted", "server":"GENERAL02000027"}}
{"logTime": "1120/041126", "correlationVector":"vTm8Lue7ry1r+V7aiy9rGm","action":"SyncServerConnectionManagerRequest", "result":"SYNC_SERVER_OK", "context":{"environment":"", "migrationStage":"", "server":""}}
{"logTime": "1120/041126", "correlationVector":"VujHBcey/VOOvsVxJyZWsg","action":"Initial GetUpdates", "result":"", "context":Reason: NEW_CLIENT. cV=VujHBcey/VOOvsVxJyZWsg}
{"logTime": "1120/041126", "correlationVector":"VujHBcey/VOOvsVxJyZWsg.2","action":"GetUpdates Response", "result":"Success", "context":Received 1 update(s). cV=VujHBcey/VOOvsVxJyZWsg.0;server=GENERAL02000027;cloudType=Consumer;environment=Prod_WestUS_000v;migrationStage=NotStarted}
{"logTime": "1120/041126", "correlationVector":"XP4hCz/mx6R/xLCF2wHPyU","action":"Initial GetUpdates", "result":"", "context":Reason: NEWLY_SUPPORTED_DATATYPE. cV=XP4hCz/mx6R/xLCF2wHPyU}
{"logTime": "1120/041127", "correlationVector":"XP4hCz/mx6R/xLCF2wHPyU.1","action":"SyncServerConnectionManagerRequest", "result":"SYNC_SERVER_OK", "context":{"environment":"Prod_WestUS_000v", "migrationStage":"NotStarted", "server":"GENERAL12000000"}}
{"logTime": "1120/041127", "correlationVector":"XP4hCz/mx6R/xLCF2wHPyU.2","action":"GetUpdates", "result":"DeleteReceived", "context":{"id":"149b3dbb-aeb9-49b1-a620-493b7bf11a1d", "isDeleted:":"true", "version":"1714525069448"}}
{"logTime": "1120/041127", "correlationVector":"XP4hCz/mx6R/xLCF2wHPyU.3","action":"GetUpdates Response", "result":"Success", "context":Received 200 update(s). cV=XP4hCz/mx6R/xLCF2wHPyU.0;server=GENERAL12000000;cloudType=Consumer;environment=Prod_WestUS_000v;migrationStage=NotStarted}
{"logTime": "1120/041128", "correlationVector":"ELv/bw45wV4HN/YRmwjqZ5","action":"Normal GetUpdate request", "result":"", "context":cV=ELv/bw45wV4HN/YRmwjqZ5
Nudged types: Sessions, Device Info
Refresh requested types: Bookmarks, Preferences, Passwords, Autofill Profiles, Autofill, Typed URLs, Extensions, Sessions, Extension settings, History Delete Directives, Device Info, User Consents, Send Tab To Self, Web Apps, Collection, Edge E Drop, Edge Hub App Usage, Edge Tab Group, Edge Wallet, Encryption Keys}
{"logTime": "1120/041128", "correlationVector":"ELv/bw45wV4HN/YRmwjqZ5.1","action":"SyncServerConnectionManagerRequest", "result":"SYNC_SERVER_OK", "context":{"environment":"Prod_WestUS_000v", "migrationStage":"NotStarted", "server":"GENERAL0200001X"}}
{"logTime": "1120/041128", "correlationVector":"ELv/bw45wV4HN/YRmwjqZ5.2","action":"GetUpdates Response", "result":"Success", "context":Received 94 update(s). cV=ELv/bw45wV4HN/YRmwjqZ5.0;server=GENERAL0200001X;cloudType=Consumer;environment=Prod_WestUS_000v;migrationStage=NotStarted}
{"logTime": "1120/041128", "correlationVector":"b1z8zvQ875mDFDD/CNo2rs","action":"Commit Request", "result":"", "context":Item count: 4
Contributing types: Sessions, Device Info}
{"logTime": "1120/041128", "correlationVector":"b1z8zvQ875mDFDD/CNo2rs.1","action":"SyncServerConnectionManagerRequest", "result":"SYNC_SERVER_OK", "context":{"environment":"Prod_WestUS_000v", "migrationStage":"NotStarted", "server":"GENERAL0100000V"}}
{"logTime": "1120/041128", "correlationVector":"b1z8zvQ875mDFDD/CNo2rs.2","action":"Commit Response", "result":"Success", "context":Result: Success. cV=b1z8zvQ875mDFDD/CNo2rs.0;server=GENERAL0100000V;cloudType=Consumer;environment=Prod_WestUS_000v;migrationStage=NotStarted}
{"logTime": "1120/041128", "correlationVector":"b1z8zvQ875mDFDD/CNo2rs.3","action":"Commit.Sessions", "result":"Success", "context":{"id":"963351ff-efb8-4ac6-bb74-413f725c9023", "isDeleted":"true", "size":"0", "version":"1732067380996"}}
{"logTime": "1120/041138", "correlationVector":"S+N7C+5wTiBfOmFMSvnKJs","action":"Commit Request", "result":"", "context":Item count: 2
Contributing types: Preferences, Sessions}
{"logTime": "1120/041139", "correlationVector":"S+N7C+5wTiBfOmFMSvnKJs.1","action":"SyncServerConnectionManagerRequest", "result":"SYNC_SERVER_OK", "context":{"environment":"Prod_WestUS_000v", "migrationStage":"NotStarted", "server":"GENERAL12000006"}}
{"logTime": "1120/041139", "correlationVector":"S+N7C+5wTiBfOmFMSvnKJs.2","action":"Commit Response", "result":"Success", "context":Result: Success. cV=S+N7C+5wTiBfOmFMSvnKJs.0;server=GENERAL12000006;cloudType=Consumer;environment=Prod_WestUS_000v;migrationStage=NotStarted}
{"logTime": "1120/041159", "correlationVector":"wdzoqKTx2i1KvQPX8sCKzl","action":"Commit Request", "result":"", "context":Item count: 3
Contributing types: Preferences, Typed URLs}
{"logTime": "1120/041159", "correlationVector":"wdzoqKTx2i1KvQPX8sCKzl.1","action":"SyncServerConnectionManagerRequest", "result":"SYNC_SERVER_OK", "context":{"environment":"Prod_WestUS_000v", "migrationStage":"NotStarted", "server":"GENERAL12000003"}}
{"logTime": "1120/041159", "correlationVector":"wdzoqKTx2i1KvQPX8sCKzl.2","action":"Commit Response", "result":"Success", "context":Result: Success. cV=wdzoqKTx2i1KvQPX8sCKzl.0;server=GENERAL12000003;cloudType=Consumer;environment=Prod_WestUS_000v;migrationStage=NotStarted}
