2024-11-19 23:32:40.369: [INFO][Sync] Reset engine, reason: 8
2024-11-19 23:32:40.369: [INFO][Sync] Stopped: Bookmarks
2024-11-19 23:32:40.369: [INFO][Sync] Stopped: Preferences
2024-11-19 23:32:40.369: [INFO][Sync] Stopped: Passwords
2024-11-19 23:32:40.369: [INFO][Sync] Stopped: Autofill Profiles
2024-11-19 23:32:40.369: [INFO][Sync] Stopped: Autofill
2024-11-19 23:32:40.369: [INFO][Sync] Stopped: Typed URLs
2024-11-19 23:32:40.369: [INFO][Sync] Stopped: Extensions
2024-11-19 23:32:40.369: [INFO][Sync] Stopped: Sessions
2024-11-19 23:32:40.369: [INFO][Sync] Stopped: Extension settings
2024-11-19 23:32:40.369: [INFO][Sync] Stopped: History Delete Directives
2024-11-19 23:32:40.369: [INFO][Sync] Stopped: Device Info
2024-11-19 23:32:40.369: [INFO][Sync] Stopped: User Consents
2024-11-19 23:32:40.369: [INFO][Sync] Stopped: Send Tab To Self
2024-11-19 23:32:40.369: [INFO][Sync] Stopped: Web Apps
2024-11-19 23:32:40.369: [INFO][Sync] Stopped: History
2024-11-19 23:32:40.369: [INFO][Sync] Stopped: Collection
2024-11-19 23:32:40.369: [INFO][Sync] Stopped: Edge E Drop
2024-11-19 23:32:40.369: [INFO][Sync] Stopped: Edge Hub App Usage
2024-11-19 23:32:40.369: [INFO][Sync] Stopped: Edge Tab Group
2024-11-19 23:32:40.369: [INFO][Sync] Stopped: Edge Wallet
2024-11-19 23:32:40.369: [INFO][Sync] SyncState after authenticated was: NotSignedIn
2024-11-19 23:32:40.534: [INFO][Sync] Reset engine, reason: 8
2024-11-19 23:32:40.534: [INFO][Sync] Stopped: Bookmarks
2024-11-19 23:32:40.534: [INFO][Sync] Stopped: Preferences
2024-11-19 23:32:40.534: [INFO][Sync] Stopped: Passwords
2024-11-19 23:32:40.534: [INFO][Sync] Stopped: Autofill Profiles
2024-11-19 23:32:40.534: [INFO][Sync] Stopped: Autofill
2024-11-19 23:32:40.534: [INFO][Sync] Stopped: Typed URLs
2024-11-19 23:32:40.534: [INFO][Sync] Stopped: Extensions
2024-11-19 23:32:40.534: [INFO][Sync] Stopped: Sessions
2024-11-19 23:32:40.534: [INFO][Sync] Stopped: Extension settings
2024-11-19 23:32:40.534: [INFO][Sync] Stopped: History Delete Directives
2024-11-19 23:32:40.534: [INFO][Sync] Stopped: Device Info
2024-11-19 23:32:40.534: [INFO][Sync] Stopped: User Consents
2024-11-19 23:32:40.534: [INFO][Sync] Stopped: Send Tab To Self
2024-11-19 23:32:40.534: [INFO][Sync] Stopped: Web Apps
2024-11-19 23:32:40.534: [INFO][Sync] Stopped: History
2024-11-19 23:32:40.534: [INFO][Sync] Stopped: Collection
2024-11-19 23:32:40.534: [INFO][Sync] Stopped: Edge E Drop
2024-11-19 23:32:40.534: [INFO][Sync] Stopped: Edge Hub App Usage
2024-11-19 23:32:40.534: [INFO][Sync] Stopped: Edge Tab Group
2024-11-19 23:32:40.534: [INFO][Sync] Stopped: Edge Wallet
2024-11-19 23:32:41.296: [INFO][Sync] Try to start sync engine
2024-11-19 23:32:41.298: [INFO][SyncManagerImpl::NudgeForInitialDownload] Initial download nudge for Encryption Keys
2024-11-19 23:32:41.298: [INFO][SyncEngineBackend::LoadAndConnectNigoriController] Load and connect Nigori controller
2024-11-19 23:32:41.298: [INFO][SyncEngineBackend::DoInitialize] Control Types added: Encryption Keys
2024-11-19 23:32:41.298: [INFO][SyncManagerImpl::ConfigureSyncer] Types to download: Encryption Keys with reason: 3
2024-11-19 23:32:41.298: [INFO][SyncSchedulerImpl::DoConfigurationSyncCycleJob] Configure job was blocked
2024-11-19 23:32:41.359: [INFO][SyncAuthManager::SetLastAuthError] Current auth error: None
2024-11-19 23:32:41.359: [INFO][SyncAuthManager::EdgeLogTokenErrorState] Token error with: None for account type: MSA
2024-11-19 23:32:41.360: [INFO][Sync] Credentials changed for: EdgeSyncScopeNew
2024-11-19 23:32:42.127: [INFO][SyncAuthManager::SetLastAuthError] Current auth error: None
2024-11-19 23:32:42.127: [INFO][SyncAuthManager::EdgeLogTokenErrorState] Token error with: None for account type: MSA
2024-11-19 23:32:42.127: [INFO][Sync] Credentials changed for: EdgeSyncKeyDataScope
2024-11-19 23:32:42.127: [INFO][SyncEngineBackend::DoUpdateKeyDataCredentials] Update key data credentials
2024-11-19 23:32:42.127: [INFO][SyncEngineBackend::DoUpdateCredentials] Update credentials
2024-11-19 23:32:42.127: [INFO][SyncSchedulerImpl::DoConfigurationSyncCycleJob] Blocked types:  and types to download: Encryption Keys
2024-11-19 23:32:42.575: [INFO][Sync] Started DataTypeManager configuration, reason: 4
2024-11-19 23:32:42.575: [INFO][Sync] Configuring for: Bookmarks, Preferences, Passwords, Autofill Profiles, Autofill, Typed URLs, Extensions, Sessions, Extension settings, History Delete Directives, Device Info, User Consents, Send Tab To Self, Web Apps, Collection, Edge E Drop, Edge Hub App Usage, Edge Tab Group, Edge Wallet, Encryption Keys, reason: 3, current state: 0
2024-11-19 23:32:42.576: [INFO][Sync] Configure, desired: Bookmarks, Preferences, Typed URLs, Extensions, Sessions, Extension settings, History Delete Directives, Device Info, User Consents, Send Tab To Self, Web Apps, Collection, Edge E Drop, Edge Hub App Usage, Edge Tab Group, Edge Wallet, Encryption Keys; Allow fail: Passwords, Autofill Profiles, Autofill
2024-11-19 23:32:42.577: [INFO][Sync] Loading: Bookmarks
2024-11-19 23:32:42.577: [INFO][Sync] Loading: Preferences
2024-11-19 23:32:42.577: [INFO][Sync] Loading: Typed URLs
2024-11-19 23:32:42.577: [INFO][Sync] Loading: Extensions
2024-11-19 23:32:42.577: [INFO][Sync] Loading: Sessions
2024-11-19 23:32:42.577: [INFO][Sync] Loading: Extension settings
2024-11-19 23:32:42.577: [INFO][Sync] Loading: History Delete Directives
2024-11-19 23:32:42.577: [INFO][Sync] Loading: Device Info
2024-11-19 23:32:42.577: [INFO][Sync] Loading: User Consents
2024-11-19 23:32:42.577: [INFO][Sync] Loading: Send Tab To Self
2024-11-19 23:32:42.577: [INFO][Sync] Loading: Web Apps
2024-11-19 23:32:42.577: [INFO][Sync] Loading: Collection
2024-11-19 23:32:42.577: [INFO][Sync] Loading: Edge E Drop
2024-11-19 23:32:42.577: [INFO][Sync] Loading: Edge Hub App Usage
2024-11-19 23:32:42.577: [INFO][Sync] Loading: Edge Tab Group
2024-11-19 23:32:42.577: [INFO][Sync] Loading: Edge Wallet
2024-11-19 23:32:42.580: [INFO][Sync] All data types are ready for configure.
2024-11-19 23:32:42.800: [INFO][Sync] Started DataTypeManager configuration, reason: 5
2024-11-19 23:32:42.800: [INFO][Sync] Configuring for: Bookmarks, Preferences, Passwords, Autofill Profiles, Autofill, Typed URLs, Extensions, Sessions, Extension settings, History Delete Directives, Device Info, User Consents, Send Tab To Self, Web Apps, Collection, Edge E Drop, Edge Hub App Usage, Edge Tab Group, Edge Wallet, Encryption Keys, reason: 5, current state: 1
2024-11-19 23:32:42.801: [INFO][SyncEngineBackend::DoStartConfiguration] Start configuration
2024-11-19 23:32:42.801: [INFO][SyncManagerImpl::NudgeForInitialDownload] Initial download nudge for Bookmarks
2024-11-19 23:32:42.801: [INFO][SyncManagerImpl::NudgeForInitialDownload] Initial download nudge for Preferences
2024-11-19 23:32:42.801: [INFO][SyncManagerImpl::NudgeForInitialDownload] Initial download nudge for Typed URLs
2024-11-19 23:32:42.801: [INFO][SyncManagerImpl::NudgeForInitialDownload] Initial download nudge for Extensions
2024-11-19 23:32:42.801: [INFO][SyncManagerImpl::NudgeForInitialDownload] Initial download nudge for Sessions
2024-11-19 23:32:42.801: [INFO][SyncManagerImpl::NudgeForInitialDownload] Initial download nudge for Extension settings
2024-11-19 23:32:42.801: [INFO][SyncManagerImpl::NudgeForInitialDownload] Initial download nudge for History Delete Directives
2024-11-19 23:32:42.801: [INFO][SyncManagerImpl::NudgeForInitialDownload] Initial download nudge for Device Info
2024-11-19 23:32:42.801: [INFO][SyncManagerImpl::NudgeForInitialDownload] Initial download nudge for Send Tab To Self
2024-11-19 23:32:42.801: [INFO][SyncManagerImpl::NudgeForInitialDownload] Initial download nudge for Web Apps
2024-11-19 23:32:42.801: [INFO][SyncManagerImpl::NudgeForInitialDownload] Initial download nudge for Collection
2024-11-19 23:32:42.801: [INFO][SyncManagerImpl::NudgeForInitialDownload] Initial download nudge for Edge E Drop
2024-11-19 23:32:42.801: [INFO][SyncManagerImpl::NudgeForInitialDownload] Initial download nudge for Edge Hub App Usage
2024-11-19 23:32:42.801: [INFO][SyncManagerImpl::NudgeForInitialDownload] Initial download nudge for Edge Tab Group
2024-11-19 23:32:42.801: [INFO][SyncManagerImpl::NudgeForInitialDownload] Initial download nudge for Edge Wallet
2024-11-19 23:32:42.801: [INFO][SyncManagerImpl::ConfigureSyncer] Types to download:  with reason: 3
2024-11-19 23:32:42.801: [INFO][SyncEngineBackend::DoFinishConfigureDataTypes] Failed to download types:  and succeeded types: 
2024-11-19 23:32:42.801: [INFO][Sync] ConfigurationDone, failed: , succeeded: , remaining count: 3
2024-11-19 23:32:42.801: [WARN][Sync]     Reconfigure requested while configuration ongoing.
2024-11-19 23:32:42.801: [INFO][Sync] Configuring for: Bookmarks, Preferences, Passwords, Autofill Profiles, Autofill, Typed URLs, Extensions, Sessions, Extension settings, History Delete Directives, Device Info, User Consents, Send Tab To Self, Web Apps, Collection, Edge E Drop, Edge Hub App Usage, Edge Tab Group, Edge Wallet, Encryption Keys, reason: 5, current state: 2
2024-11-19 23:32:42.801: [INFO][Sync] Configure, desired: Bookmarks, Preferences, Passwords, Autofill Profiles, Autofill, Typed URLs, Extensions, Sessions, Extension settings, History Delete Directives, Device Info, User Consents, Send Tab To Self, Web Apps, Collection, Edge E Drop, Edge Hub App Usage, Edge Tab Group, Edge Wallet, Encryption Keys; Allow fail: 
2024-11-19 23:32:42.802: [INFO][Sync] Loading: Passwords
2024-11-19 23:32:42.802: [INFO][Sync] Loading: Autofill Profiles
2024-11-19 23:32:42.802: [INFO][Sync] Loading: Autofill
2024-11-19 23:32:42.802: [INFO][Sync] All data types are ready for configure.
2024-11-19 23:32:42.802: [INFO][SyncManagerImpl::NudgeForInitialDownload] Initial download nudge for Passwords
2024-11-19 23:32:42.802: [INFO][SyncManagerImpl::NudgeForInitialDownload] Initial download nudge for Autofill Profiles
2024-11-19 23:32:42.802: [INFO][SyncManagerImpl::NudgeForInitialDownload] Initial download nudge for Autofill
2024-11-19 23:32:42.802: [INFO][SyncManagerImpl::ConfigureSyncer] Types to download:  with reason: 5
2024-11-19 23:32:42.802: [INFO][SyncEngineBackend::DoFinishConfigureDataTypes] Failed to download types:  and succeeded types: 
2024-11-19 23:32:42.802: [INFO][Sync] ConfigurationDone, failed: , succeeded: , remaining count: 3
2024-11-19 23:32:42.802: [INFO][Sync] Prepare to configure types: Preferences, Passwords, Device Info, Send Tab To Self, Edge E Drop, Encryption Keys
2024-11-19 23:32:42.803: [INFO][SyncManagerImpl::ConfigureSyncer] Types to download: Preferences, Passwords, Device Info, Send Tab To Self, Edge E Drop, Encryption Keys with reason: 5
2024-11-19 23:32:42.803: [INFO][SyncSchedulerImpl::DoConfigurationSyncCycleJob] Blocked types:  and types to download: Preferences, Passwords, Device Info, Send Tab To Self, Edge E Drop, Encryption Keys
2024-11-19 23:32:44.153: [INFO][SyncEngineBackend::DoFinishConfigureDataTypes] Failed to download types:  and succeeded types: Preferences, Passwords, Device Info, Send Tab To Self, Edge E Drop, Encryption Keys
2024-11-19 23:32:44.172: [INFO][Sync] ConfigurationDone, failed: , succeeded: Preferences, Passwords, Device Info, Send Tab To Self, Edge E Drop, Encryption Keys, remaining count: 2
2024-11-19 23:32:44.172: [INFO][Sync] Prepare to configure types: Bookmarks, Encryption Keys
2024-11-19 23:32:44.172: [INFO][SyncManagerImpl::ConfigureSyncer] Types to download: Bookmarks, Encryption Keys with reason: 5
2024-11-19 23:32:44.172: [INFO][SyncSchedulerImpl::DoConfigurationSyncCycleJob] Blocked types:  and types to download: Bookmarks, Encryption Keys
2024-11-19 23:32:44.837: [INFO][SyncEngineBackend::DoFinishConfigureDataTypes] Failed to download types:  and succeeded types: Bookmarks, Encryption Keys
2024-11-19 23:32:44.881: [INFO][Sync] ConfigurationDone, failed: , succeeded: Bookmarks, Encryption Keys, remaining count: 1
2024-11-19 23:32:44.882: [INFO][Sync] Prepare to configure types: Autofill Profiles, Autofill, Typed URLs, Extensions, Sessions, Extension settings, History Delete Directives, Web Apps, Collection, Edge Hub App Usage, Edge Tab Group, Edge Wallet, Encryption Keys
2024-11-19 23:32:44.882: [INFO][SyncManagerImpl::ConfigureSyncer] Types to download: Autofill Profiles, Autofill, Typed URLs, Extensions, Sessions, Extension settings, History Delete Directives, Web Apps, Collection, Edge Hub App Usage, Edge Tab Group, Edge Wallet, Encryption Keys with reason: 5
2024-11-19 23:32:44.882: [INFO][SyncSchedulerImpl::DoConfigurationSyncCycleJob] Blocked types:  and types to download: Autofill Profiles, Autofill, Typed URLs, Extensions, Sessions, Extension settings, History Delete Directives, Web Apps, Collection, Edge Hub App Usage, Edge Tab Group, Edge Wallet, Encryption Keys
2024-11-19 23:32:45.667: [INFO][SyncEngineBackend::DoFinishConfigureDataTypes] Failed to download types:  and succeeded types: Autofill Profiles, Autofill, Typed URLs, Extensions, Sessions, Extension settings, History Delete Directives, Web Apps, Collection, Edge Hub App Usage, Edge Tab Group, Edge Wallet, Encryption Keys
2024-11-19 23:32:45.669: [INFO][Sync] ConfigurationDone, failed: , succeeded: Autofill Profiles, Autofill, Typed URLs, Extensions, Sessions, Extension settings, History Delete Directives, Web Apps, Collection, Edge Hub App Usage, Edge Tab Group, Edge Wallet, Encryption Keys, remaining count: 0
2024-11-19 23:32:45.669: [INFO][Sync]     Configuration completed, state: 7
2024-11-19 23:32:45.670: [INFO][Sync] Configured DataTypeManager: Ok
2024-11-19 23:32:45.671: [INFO][SyncEngineBackend::DoStartSyncing] Start syncing
2024-11-20 00:06:02.486: [INFO][Sync] SyncState after authenticated was: FeatureCanStart
2024-11-20 00:06:03.071: [INFO][Sync] Try to start sync engine
2024-11-20 00:06:03.072: [INFO][SyncManagerImpl::NudgeForInitialDownload] Initial download nudge for Encryption Keys
2024-11-20 00:06:03.072: [INFO][SyncEngineBackend::LoadAndConnectNigoriController] Load and connect Nigori controller
2024-11-20 00:06:03.072: [INFO][SyncEngineBackend::DoInitialize] Control Types added: Encryption Keys
2024-11-20 00:06:03.072: [INFO][SyncManagerImpl::ConfigureSyncer] Types to download: Encryption Keys with reason: 3
2024-11-20 00:06:03.072: [INFO][SyncSchedulerImpl::DoConfigurationSyncCycleJob] Configure job was blocked
2024-11-20 00:06:03.627: [INFO][SyncAuthManager::SetLastAuthError] Current auth error: None
2024-11-20 00:06:03.627: [INFO][SyncAuthManager::EdgeLogTokenErrorState] Token error with: None for account type: MSA
2024-11-20 00:06:03.627: [INFO][Sync] Credentials changed for: EdgeSyncKeyDataScope
2024-11-20 00:06:03.628: [INFO][SyncEngineBackend::DoUpdateKeyDataCredentials] Update key data credentials
2024-11-20 00:06:03.658: [INFO][SyncAuthManager::SetLastAuthError] Current auth error: None
2024-11-20 00:06:03.658: [INFO][SyncAuthManager::EdgeLogTokenErrorState] Token error with: None for account type: MSA
2024-11-20 00:06:03.658: [INFO][Sync] Credentials changed for: EdgeSyncScopeNew
2024-11-20 00:06:03.658: [INFO][SyncEngineBackend::DoUpdateCredentials] Update credentials
2024-11-20 00:06:03.658: [INFO][SyncSchedulerImpl::DoConfigurationSyncCycleJob] Blocked types:  and types to download: Encryption Keys
2024-11-20 00:06:03.944: [INFO][SyncEngineBackend::DoUpdateKeyDataCredentials] Update key data credentials
2024-11-20 00:06:03.946: [INFO][Sync] Started DataTypeManager configuration, reason: 4
2024-11-20 00:06:03.946: [INFO][Sync] Configuring for: Bookmarks, Preferences, Passwords, Autofill Profiles, Autofill, Typed URLs, Extensions, Sessions, Extension settings, History Delete Directives, Device Info, User Consents, Send Tab To Self, Web Apps, Collection, Edge E Drop, Edge Hub App Usage, Edge Tab Group, Edge Wallet, Encryption Keys, reason: 4, current state: 0
2024-11-20 00:06:03.947: [INFO][Sync] Configure, desired: Bookmarks, Preferences, Typed URLs, Extensions, Sessions, Extension settings, History Delete Directives, Device Info, User Consents, Send Tab To Self, Web Apps, Collection, Edge E Drop, Edge Hub App Usage, Edge Tab Group, Edge Wallet, Encryption Keys; Allow fail: Passwords, Autofill Profiles, Autofill
2024-11-20 00:06:03.947: [INFO][Sync] Loading: Bookmarks
2024-11-20 00:06:03.947: [INFO][Sync] Loading: Preferences
2024-11-20 00:06:03.947: [INFO][Sync] Loading: Typed URLs
2024-11-20 00:06:03.947: [INFO][Sync] Loading: Extensions
2024-11-20 00:06:03.947: [INFO][Sync] Loading: Sessions
2024-11-20 00:06:03.947: [INFO][Sync] Loading: Extension settings
2024-11-20 00:06:03.947: [INFO][Sync] Loading: History Delete Directives
2024-11-20 00:06:03.947: [INFO][Sync] Loading: Device Info
2024-11-20 00:06:03.947: [INFO][Sync] Loading: User Consents
2024-11-20 00:06:03.947: [INFO][Sync] Loading: Send Tab To Self
2024-11-20 00:06:03.947: [INFO][Sync] Loading: Web Apps
2024-11-20 00:06:03.947: [INFO][Sync] Loading: Collection
2024-11-20 00:06:03.947: [INFO][Sync] Loading: Edge E Drop
2024-11-20 00:06:03.947: [INFO][Sync] Loading: Edge Hub App Usage
2024-11-20 00:06:03.947: [INFO][Sync] Loading: Edge Tab Group
2024-11-20 00:06:03.947: [INFO][Sync] Loading: Edge Wallet
2024-11-20 00:06:03.950: [INFO][Sync] All data types are ready for configure.
2024-11-20 00:06:04.379: [INFO][Sync] Started DataTypeManager configuration, reason: 5
2024-11-20 00:06:04.379: [INFO][Sync] Configuring for: Bookmarks, Preferences, Passwords, Autofill Profiles, Autofill, Typed URLs, Extensions, Sessions, Extension settings, History Delete Directives, Device Info, User Consents, Send Tab To Self, Web Apps, Collection, Edge E Drop, Edge Hub App Usage, Edge Tab Group, Edge Wallet, Encryption Keys, reason: 5, current state: 1
2024-11-20 00:06:04.379: [INFO][SyncEngineBackend::DoStartConfiguration] Start configuration
2024-11-20 00:06:04.379: [INFO][SyncManagerImpl::ConfigureSyncer] Types to download:  with reason: 4
2024-11-20 00:06:04.379: [INFO][SyncEngineBackend::DoFinishConfigureDataTypes] Failed to download types:  and succeeded types: 
2024-11-20 00:06:04.380: [INFO][Sync] ConfigurationDone, failed: , succeeded: , remaining count: 3
2024-11-20 00:06:04.380: [WARN][Sync]     Reconfigure requested while configuration ongoing.
2024-11-20 00:06:04.380: [INFO][Sync] Configuring for: Bookmarks, Preferences, Passwords, Autofill Profiles, Autofill, Typed URLs, Extensions, Sessions, Extension settings, History Delete Directives, Device Info, User Consents, Send Tab To Self, Web Apps, Collection, Edge E Drop, Edge Hub App Usage, Edge Tab Group, Edge Wallet, Encryption Keys, reason: 5, current state: 2
2024-11-20 00:06:04.380: [INFO][Sync] Configure, desired: Bookmarks, Preferences, Passwords, Autofill Profiles, Autofill, Typed URLs, Extensions, Sessions, Extension settings, History Delete Directives, Device Info, User Consents, Send Tab To Self, Web Apps, Collection, Edge E Drop, Edge Hub App Usage, Edge Tab Group, Edge Wallet, Encryption Keys; Allow fail: 
2024-11-20 00:06:04.380: [INFO][Sync] Loading: Passwords
2024-11-20 00:06:04.380: [INFO][Sync] Loading: Autofill Profiles
2024-11-20 00:06:04.380: [INFO][Sync] Loading: Autofill
2024-11-20 00:06:04.382: [INFO][Sync] All data types are ready for configure.
2024-11-20 00:06:04.382: [INFO][SyncManagerImpl::NudgeForInitialDownload] Initial download nudge for Passwords
2024-11-20 00:06:04.382: [INFO][SyncManagerImpl::ConfigureSyncer] Types to download:  with reason: 5
2024-11-20 00:06:04.382: [INFO][SyncEngineBackend::DoFinishConfigureDataTypes] Failed to download types:  and succeeded types: 
2024-11-20 00:06:04.382: [INFO][Sync] ConfigurationDone, failed: , succeeded: , remaining count: 3
2024-11-20 00:06:04.382: [INFO][Sync] Prepare to configure types: Passwords, Encryption Keys
2024-11-20 00:06:04.382: [INFO][SyncManagerImpl::ConfigureSyncer] Types to download: Passwords, Encryption Keys with reason: 5
2024-11-20 00:06:04.382: [INFO][SyncSchedulerImpl::DoConfigurationSyncCycleJob] Blocked types:  and types to download: Passwords, Encryption Keys
2024-11-20 00:06:04.736: [INFO][SyncEngineBackend::DoFinishConfigureDataTypes] Failed to download types:  and succeeded types: Passwords, Encryption Keys
2024-11-20 00:06:04.737: [INFO][Sync] ConfigurationDone, failed: , succeeded: Passwords, Encryption Keys, remaining count: 2
2024-11-20 00:06:04.737: [INFO][SyncManagerImpl::ConfigureSyncer] Types to download:  with reason: 5
2024-11-20 00:06:04.737: [INFO][SyncEngineBackend::DoFinishConfigureDataTypes] Failed to download types:  and succeeded types: 
2024-11-20 00:06:04.737: [INFO][Sync] ConfigurationDone, failed: , succeeded: , remaining count: 1
2024-11-20 00:06:04.738: [INFO][SyncManagerImpl::ConfigureSyncer] Types to download:  with reason: 5
2024-11-20 00:06:04.738: [INFO][SyncEngineBackend::DoFinishConfigureDataTypes] Failed to download types:  and succeeded types: 
2024-11-20 00:06:04.740: [INFO][Sync] ConfigurationDone, failed: , succeeded: , remaining count: 0
2024-11-20 00:06:04.741: [INFO][Sync]     Configuration completed, state: 7
2024-11-20 00:06:04.741: [INFO][Sync] Configured DataTypeManager: Ok
2024-11-20 00:06:04.742: [INFO][SyncEngineBackend::DoStartSyncing] Start syncing
2024-11-20 02:01:30.331: [INFO][Sync] Reset engine, reason: 0
2024-11-20 02:01:30.331: [INFO][Sync] Reset engine with reason: 0
2024-11-20 04:11:25.322: [INFO][Sync] SyncState after authenticated was: FeatureCanStart
2024-11-20 04:11:25.875: [INFO][Sync] Try to start sync engine
2024-11-20 04:11:25.876: [INFO][SyncManagerImpl::NudgeForInitialDownload] Initial download nudge for Encryption Keys
2024-11-20 04:11:25.876: [INFO][SyncEngineBackend::LoadAndConnectNigoriController] Load and connect Nigori controller
2024-11-20 04:11:25.876: [INFO][SyncEngineBackend::DoInitialize] Control Types added: Encryption Keys
2024-11-20 04:11:25.876: [INFO][SyncManagerImpl::ConfigureSyncer] Types to download: Encryption Keys with reason: 3
2024-11-20 04:11:25.876: [INFO][SyncSchedulerImpl::DoConfigurationSyncCycleJob] Configure job was blocked
2024-11-20 04:11:26.341: [INFO][SyncAuthManager::SetLastAuthError] Current auth error: None
2024-11-20 04:11:26.341: [INFO][SyncAuthManager::EdgeLogTokenErrorState] Token error with: None for account type: MSA
2024-11-20 04:11:26.342: [INFO][Sync] Credentials changed for: EdgeSyncKeyDataScope
2024-11-20 04:11:26.342: [INFO][SyncEngineBackend::DoUpdateKeyDataCredentials] Update key data credentials
2024-11-20 04:11:26.387: [INFO][SyncAuthManager::SetLastAuthError] Current auth error: None
2024-11-20 04:11:26.387: [INFO][SyncAuthManager::EdgeLogTokenErrorState] Token error with: None for account type: MSA
2024-11-20 04:11:26.387: [INFO][Sync] Credentials changed for: EdgeSyncScopeNew
2024-11-20 04:11:26.387: [INFO][SyncEngineBackend::DoUpdateCredentials] Update credentials
2024-11-20 04:11:26.387: [INFO][SyncEngineBackend::DoUpdateKeyDataCredentials] Update key data credentials
2024-11-20 04:11:26.387: [INFO][SyncSchedulerImpl::DoConfigurationSyncCycleJob] Blocked types:  and types to download: Encryption Keys
2024-11-20 04:11:26.728: [INFO][Sync] Started DataTypeManager configuration, reason: 4
2024-11-20 04:11:26.728: [INFO][Sync] Configuring for: Bookmarks, Preferences, Passwords, Autofill Profiles, Autofill, Typed URLs, Extensions, Sessions, Extension settings, History Delete Directives, Device Info, User Consents, Send Tab To Self, Web Apps, Collection, Edge E Drop, Edge Hub App Usage, Edge Tab Group, Edge Wallet, Encryption Keys, reason: 4, current state: 0
2024-11-20 04:11:26.731: [INFO][Sync] Configure, desired: Bookmarks, Preferences, Typed URLs, Extensions, Sessions, Extension settings, History Delete Directives, Device Info, User Consents, Send Tab To Self, Web Apps, Collection, Edge E Drop, Edge Hub App Usage, Edge Tab Group, Edge Wallet, Encryption Keys; Allow fail: Passwords, Autofill Profiles, Autofill
2024-11-20 04:11:26.732: [INFO][Sync] Loading: Bookmarks
2024-11-20 04:11:26.732: [INFO][Sync] Loading: Preferences
2024-11-20 04:11:26.732: [INFO][Sync] Loading: Typed URLs
2024-11-20 04:11:26.732: [INFO][Sync] Loading: Extensions
2024-11-20 04:11:26.733: [INFO][Sync] Loading: Sessions
2024-11-20 04:11:26.733: [INFO][Sync] Loading: Extension settings
2024-11-20 04:11:26.733: [INFO][Sync] Loading: History Delete Directives
2024-11-20 04:11:26.733: [INFO][Sync] Loading: Device Info
2024-11-20 04:11:26.733: [INFO][Sync] Loading: User Consents
2024-11-20 04:11:26.733: [INFO][Sync] Loading: Send Tab To Self
2024-11-20 04:11:26.733: [INFO][Sync] Loading: Web Apps
2024-11-20 04:11:26.733: [INFO][Sync] Loading: Collection
2024-11-20 04:11:26.733: [INFO][Sync] Loading: Edge E Drop
2024-11-20 04:11:26.733: [INFO][Sync] Loading: Edge Hub App Usage
2024-11-20 04:11:26.733: [INFO][Sync] Loading: Edge Tab Group
2024-11-20 04:11:26.734: [INFO][Sync] Loading: Edge Wallet
2024-11-20 04:11:26.756: [INFO][Sync] All data types are ready for configure.
2024-11-20 04:11:26.956: [INFO][Sync] Started DataTypeManager configuration, reason: 5
2024-11-20 04:11:26.956: [INFO][Sync] Configuring for: Bookmarks, Preferences, Passwords, Autofill Profiles, Autofill, Typed URLs, Extensions, Sessions, Extension settings, History Delete Directives, Device Info, User Consents, Send Tab To Self, Web Apps, Collection, Edge E Drop, Edge Hub App Usage, Edge Tab Group, Edge Wallet, Encryption Keys, reason: 5, current state: 1
2024-11-20 04:11:26.958: [INFO][SyncEngineBackend::DoStartConfiguration] Start configuration
2024-11-20 04:11:26.959: [INFO][SyncManagerImpl::ConfigureSyncer] Types to download:  with reason: 4
2024-11-20 04:11:26.959: [INFO][SyncEngineBackend::DoFinishConfigureDataTypes] Failed to download types:  and succeeded types: 
2024-11-20 04:11:26.959: [INFO][Sync] ConfigurationDone, failed: , succeeded: , remaining count: 3
2024-11-20 04:11:26.959: [WARN][Sync]     Reconfigure requested while configuration ongoing.
2024-11-20 04:11:26.959: [INFO][Sync] Configuring for: Bookmarks, Preferences, Passwords, Autofill Profiles, Autofill, Typed URLs, Extensions, Sessions, Extension settings, History Delete Directives, Device Info, User Consents, Send Tab To Self, Web Apps, Collection, Edge E Drop, Edge Hub App Usage, Edge Tab Group, Edge Wallet, Encryption Keys, reason: 5, current state: 2
2024-11-20 04:11:26.959: [INFO][Sync] Configure, desired: Bookmarks, Preferences, Passwords, Autofill Profiles, Autofill, Typed URLs, Extensions, Sessions, Extension settings, History Delete Directives, Device Info, User Consents, Send Tab To Self, Web Apps, Collection, Edge E Drop, Edge Hub App Usage, Edge Tab Group, Edge Wallet, Encryption Keys; Allow fail: 
2024-11-20 04:11:26.960: [INFO][Sync] Loading: Passwords
2024-11-20 04:11:26.960: [INFO][Sync] Loading: Autofill Profiles
2024-11-20 04:11:26.960: [INFO][Sync] Loading: Autofill
2024-11-20 04:11:26.962: [INFO][Sync] All data types are ready for configure.
2024-11-20 04:11:26.962: [INFO][SyncManagerImpl::NudgeForInitialDownload] Initial download nudge for Passwords
2024-11-20 04:11:26.962: [INFO][SyncManagerImpl::ConfigureSyncer] Types to download:  with reason: 5
2024-11-20 04:11:26.962: [INFO][SyncEngineBackend::DoFinishConfigureDataTypes] Failed to download types:  and succeeded types: 
2024-11-20 04:11:26.962: [INFO][Sync] ConfigurationDone, failed: , succeeded: , remaining count: 3
2024-11-20 04:11:26.963: [INFO][Sync] Prepare to configure types: Passwords, Encryption Keys
2024-11-20 04:11:26.963: [INFO][SyncManagerImpl::ConfigureSyncer] Types to download: Passwords, Encryption Keys with reason: 5
2024-11-20 04:11:26.963: [INFO][SyncSchedulerImpl::DoConfigurationSyncCycleJob] Blocked types:  and types to download: Passwords, Encryption Keys
2024-11-20 04:11:27.402: [INFO][SyncEngineBackend::DoFinishConfigureDataTypes] Failed to download types:  and succeeded types: Passwords, Encryption Keys
2024-11-20 04:11:27.432: [INFO][Sync] ConfigurationDone, failed: , succeeded: Passwords, Encryption Keys, remaining count: 2
2024-11-20 04:11:27.433: [INFO][SyncManagerImpl::ConfigureSyncer] Types to download:  with reason: 5
2024-11-20 04:11:27.433: [INFO][SyncEngineBackend::DoFinishConfigureDataTypes] Failed to download types:  and succeeded types: 
2024-11-20 04:11:27.433: [INFO][Sync] ConfigurationDone, failed: , succeeded: , remaining count: 1
2024-11-20 04:11:27.435: [INFO][SyncManagerImpl::ConfigureSyncer] Types to download:  with reason: 5
2024-11-20 04:11:27.435: [INFO][SyncEngineBackend::DoFinishConfigureDataTypes] Failed to download types:  and succeeded types: 
2024-11-20 04:11:27.435: [INFO][Sync] ConfigurationDone, failed: , succeeded: , remaining count: 0
2024-11-20 04:11:27.436: [INFO][Sync]     Configuration completed, state: 7
2024-11-20 04:11:27.437: [INFO][Sync] Configured DataTypeManager: Ok
2024-11-20 04:11:27.439: [INFO][SyncEngineBackend::DoStartSyncing] Start syncing
2024-11-20 04:24:24.751: [INFO][Sync] SyncState after authenticated was: FeatureNotRequestedNotSetup
2024-11-20 04:24:25.011: [INFO][Sync] Try to start sync engine
2024-11-20 04:24:25.012: [INFO][SyncManagerImpl::NudgeForInitialDownload] Initial download nudge for Encryption Keys
2024-11-20 04:24:25.012: [INFO][SyncEngineBackend::LoadAndConnectNigoriController] Load and connect Nigori controller
2024-11-20 04:24:25.012: [INFO][SyncEngineBackend::DoInitialize] Control Types added: Encryption Keys
2024-11-20 04:24:25.012: [INFO][SyncManagerImpl::ConfigureSyncer] Types to download: Encryption Keys with reason: 3
2024-11-20 04:24:25.012: [INFO][SyncSchedulerImpl::DoConfigurationSyncCycleJob] Configure job was blocked
2024-11-20 04:24:25.150: [INFO][SyncAuthManager::SetLastAuthError] Current auth error: None
2024-11-20 04:24:25.150: [INFO][SyncAuthManager::EdgeLogTokenErrorState] Token error with: None for account type: MSA
2024-11-20 04:24:25.150: [INFO][Sync] Credentials changed for: EdgeSyncScopeNew
